2025-10-28 18:08:20,261 - training - INFO - Logging initialized. Log file: outputs/logs/training_20251028_180820.log
2025-10-28 18:08:20,261 - training - INFO - using device: cpu
2025-10-28 18:08:20,261 - training - INFO - vocab size: 15
2025-10-28 18:08:20,264 - training - INFO - loaded 20000 samples from data/train.txt
2025-10-28 18:08:20,265 - training - INFO - loaded 2000 samples from data/val.txt
2025-10-28 18:08:20,278 - training - INFO - 
model parameters: 598,671
2025-10-28 18:08:20,703 - training - INFO - 
epoch 1/50
2025-10-28 18:08:23,834 - training - INFO -   batch 100/313, loss: 1.5841, acc: 47.19%, tf_ratio: 1.00
2025-10-28 18:08:26,940 - training - INFO -   batch 200/313, loss: 1.5031, acc: 45.97%, tf_ratio: 1.00
2025-10-28 18:08:30,062 - training - INFO -   batch 300/313, loss: 1.4654, acc: 47.04%, tf_ratio: 1.00
2025-10-28 18:08:30,700 - training - INFO - train loss: 1.6055, train acc: 44.46%
2025-10-28 18:08:30,700 - training - INFO - val loss: 1.4399, val acc: 46.47%
2025-10-28 18:08:30,714 - training - INFO - saved best model with val loss: 1.4399, val acc: 46.47%
2025-10-28 18:08:30,714 - training - INFO - 
epoch 2/50
2025-10-28 18:08:34,007 - training - INFO -   batch 100/313, loss: 1.4476, acc: 46.42%, tf_ratio: 0.99
2025-10-28 18:08:37,316 - training - INFO -   batch 200/313, loss: 1.3737, acc: 47.51%, tf_ratio: 0.99
2025-10-28 18:08:40,547 - training - INFO -   batch 300/313, loss: 1.4017, acc: 47.18%, tf_ratio: 0.99
2025-10-28 18:08:41,196 - training - INFO - train loss: 1.4332, train acc: 46.93%
2025-10-28 18:08:41,196 - training - INFO - val loss: 1.3381, val acc: 49.44%
2025-10-28 18:08:41,204 - training - INFO - saved best model with val loss: 1.3381, val acc: 49.44%
2025-10-28 18:08:41,204 - training - INFO - 
epoch 3/50
2025-10-28 18:08:44,635 - training - INFO -   batch 100/313, loss: 1.4134, acc: 46.93%, tf_ratio: 0.98
2025-10-28 18:08:47,998 - training - INFO -   batch 200/313, loss: 1.3542, acc: 51.21%, tf_ratio: 0.98
2025-10-28 18:08:51,617 - training - INFO -   batch 300/313, loss: 1.3412, acc: 48.59%, tf_ratio: 0.98
2025-10-28 18:08:52,283 - training - INFO - train loss: 1.3758, train acc: 48.35%
2025-10-28 18:08:52,283 - training - INFO - val loss: 1.3013, val acc: 51.31%
2025-10-28 18:08:52,292 - training - INFO - saved best model with val loss: 1.3013, val acc: 51.31%
2025-10-28 18:08:52,292 - training - INFO - 
epoch 4/50
2025-10-28 18:08:55,942 - training - INFO -   batch 100/313, loss: 1.3820, acc: 49.72%, tf_ratio: 0.97
2025-10-28 18:08:59,549 - training - INFO -   batch 200/313, loss: 1.3353, acc: 48.68%, tf_ratio: 0.97
2025-10-28 18:09:03,190 - training - INFO -   batch 300/313, loss: 1.3205, acc: 49.90%, tf_ratio: 0.97
2025-10-28 18:09:03,890 - training - INFO - train loss: 1.3404, train acc: 49.49%
2025-10-28 18:09:03,890 - training - INFO - val loss: 1.2607, val acc: 52.48%
2025-10-28 18:09:03,899 - training - INFO - saved best model with val loss: 1.2607, val acc: 52.48%
2025-10-28 18:09:03,899 - training - INFO - 
epoch 5/50
2025-10-28 18:09:07,522 - training - INFO -   batch 100/313, loss: 1.3292, acc: 47.73%, tf_ratio: 0.96
2025-10-28 18:09:11,280 - training - INFO -   batch 200/313, loss: 1.3197, acc: 50.00%, tf_ratio: 0.96
2025-10-28 18:09:15,018 - training - INFO -   batch 300/313, loss: 1.3098, acc: 50.94%, tf_ratio: 0.96
2025-10-28 18:09:15,681 - training - INFO - train loss: 1.3113, train acc: 50.36%
2025-10-28 18:09:15,681 - training - INFO - val loss: 1.2728, val acc: 51.01%
2025-10-28 18:09:15,681 - training - INFO - 
epoch 6/50
2025-10-28 18:09:19,672 - training - INFO -   batch 100/313, loss: 1.2975, acc: 49.26%, tf_ratio: 0.95
2025-10-28 18:09:23,598 - training - INFO -   batch 200/313, loss: 1.2686, acc: 54.10%, tf_ratio: 0.95
2025-10-28 18:09:27,401 - training - INFO -   batch 300/313, loss: 1.3263, acc: 48.95%, tf_ratio: 0.95
2025-10-28 18:09:28,172 - training - INFO - train loss: 1.2920, train acc: 50.88%
2025-10-28 18:09:28,172 - training - INFO - val loss: 1.2297, val acc: 53.76%
2025-10-28 18:09:28,180 - training - INFO - saved best model with val loss: 1.2297, val acc: 53.76%
2025-10-28 18:09:28,180 - training - INFO - 
epoch 7/50
2025-10-28 18:09:32,255 - training - INFO -   batch 100/313, loss: 1.2708, acc: 49.91%, tf_ratio: 0.94
2025-10-28 18:09:36,472 - training - INFO -   batch 200/313, loss: 1.2678, acc: 49.81%, tf_ratio: 0.94
2025-10-28 18:09:40,531 - training - INFO -   batch 300/313, loss: 1.2459, acc: 52.24%, tf_ratio: 0.94
2025-10-28 18:09:41,322 - training - INFO - train loss: 1.2761, train acc: 51.42%
2025-10-28 18:09:41,323 - training - INFO - val loss: 1.2224, val acc: 53.62%
2025-10-28 18:09:41,331 - training - INFO - saved best model with val loss: 1.2224, val acc: 53.62%
2025-10-28 18:09:41,331 - training - INFO - 
epoch 8/50
2025-10-28 18:09:45,489 - training - INFO -   batch 100/313, loss: 1.2904, acc: 51.69%, tf_ratio: 0.93
2025-10-28 18:09:49,637 - training - INFO -   batch 200/313, loss: 1.2445, acc: 52.95%, tf_ratio: 0.93
2025-10-28 18:09:53,852 - training - INFO -   batch 300/313, loss: 1.2517, acc: 54.46%, tf_ratio: 0.93
2025-10-28 18:09:54,633 - training - INFO - train loss: 1.2645, train acc: 51.98%
2025-10-28 18:09:54,633 - training - INFO - val loss: 1.2133, val acc: 54.24%
2025-10-28 18:09:54,641 - training - INFO - saved best model with val loss: 1.2133, val acc: 54.24%
2025-10-28 18:09:54,641 - training - INFO - 
epoch 9/50
2025-10-28 18:09:59,089 - training - INFO -   batch 100/313, loss: 1.2471, acc: 52.72%, tf_ratio: 0.92
2025-10-28 18:10:03,526 - training - INFO -   batch 200/313, loss: 1.2543, acc: 52.60%, tf_ratio: 0.92
2025-10-28 18:10:08,051 - training - INFO -   batch 300/313, loss: 1.2111, acc: 53.97%, tf_ratio: 0.92
2025-10-28 18:10:08,835 - training - INFO - train loss: 1.2461, train acc: 52.83%
2025-10-28 18:10:08,835 - training - INFO - val loss: 1.1386, val acc: 56.63%
2025-10-28 18:10:08,843 - training - INFO - saved best model with val loss: 1.1386, val acc: 56.63%
2025-10-28 18:10:08,843 - training - INFO - 
epoch 10/50
2025-10-28 18:10:13,378 - training - INFO -   batch 100/313, loss: 1.1870, acc: 53.48%, tf_ratio: 0.91
2025-10-28 18:10:18,020 - training - INFO -   batch 200/313, loss: 1.1479, acc: 55.27%, tf_ratio: 0.91
2025-10-28 18:10:22,760 - training - INFO -   batch 300/313, loss: 1.1579, acc: 54.63%, tf_ratio: 0.91
2025-10-28 18:10:23,651 - training - INFO - train loss: 1.1822, train acc: 54.76%
2025-10-28 18:10:23,651 - training - INFO - val loss: 1.0580, val acc: 59.77%
2025-10-28 18:10:23,659 - training - INFO - saved best model with val loss: 1.0580, val acc: 59.77%
2025-10-28 18:10:23,659 - training - INFO - 
epoch 11/50
2025-10-28 18:10:28,491 - training - INFO -   batch 100/313, loss: 1.1398, acc: 57.63%, tf_ratio: 0.90
2025-10-28 18:10:33,255 - training - INFO -   batch 200/313, loss: 1.1070, acc: 57.71%, tf_ratio: 0.90
2025-10-28 18:10:38,157 - training - INFO -   batch 300/313, loss: 1.1584, acc: 56.55%, tf_ratio: 0.90
2025-10-28 18:10:39,071 - training - INFO - train loss: 1.1377, train acc: 56.13%
2025-10-28 18:10:39,071 - training - INFO - val loss: 1.0312, val acc: 61.70%
2025-10-28 18:10:39,079 - training - INFO - saved best model with val loss: 1.0312, val acc: 61.70%
2025-10-28 18:10:39,079 - training - INFO - 
epoch 12/50
2025-10-28 18:10:43,819 - training - INFO -   batch 100/313, loss: 1.1045, acc: 57.71%, tf_ratio: 0.89
2025-10-28 18:10:48,563 - training - INFO -   batch 200/313, loss: 1.0865, acc: 57.36%, tf_ratio: 0.89
2025-10-28 18:10:53,353 - training - INFO -   batch 300/313, loss: 1.1505, acc: 55.45%, tf_ratio: 0.89
2025-10-28 18:10:54,234 - training - INFO - train loss: 1.1070, train acc: 57.27%
2025-10-28 18:10:54,234 - training - INFO - val loss: 1.0138, val acc: 61.81%
2025-10-28 18:10:54,242 - training - INFO - saved best model with val loss: 1.0138, val acc: 61.81%
2025-10-28 18:10:54,242 - training - INFO - 
epoch 13/50
2025-10-28 18:10:59,313 - training - INFO -   batch 100/313, loss: 1.1014, acc: 57.50%, tf_ratio: 0.88
2025-10-28 18:11:04,096 - training - INFO -   batch 200/313, loss: 1.0633, acc: 61.48%, tf_ratio: 0.88
2025-10-28 18:11:08,872 - training - INFO -   batch 300/313, loss: 1.0546, acc: 58.54%, tf_ratio: 0.88
2025-10-28 18:11:09,677 - training - INFO - train loss: 1.0809, train acc: 58.73%
2025-10-28 18:11:09,678 - training - INFO - val loss: 0.9705, val acc: 64.27%
2025-10-28 18:11:09,685 - training - INFO - saved best model with val loss: 0.9705, val acc: 64.27%
2025-10-28 18:11:09,685 - training - INFO - 
epoch 14/50
2025-10-28 18:11:14,911 - training - INFO -   batch 100/313, loss: 1.0414, acc: 59.55%, tf_ratio: 0.87
2025-10-28 18:11:20,207 - training - INFO -   batch 200/313, loss: 1.0470, acc: 62.24%, tf_ratio: 0.87
2025-10-28 18:11:25,435 - training - INFO -   batch 300/313, loss: 1.0438, acc: 59.06%, tf_ratio: 0.87
2025-10-28 18:11:26,284 - training - INFO - train loss: 1.0616, train acc: 59.57%
2025-10-28 18:11:26,284 - training - INFO - val loss: 0.9514, val acc: 64.76%
2025-10-28 18:11:26,292 - training - INFO - saved best model with val loss: 0.9514, val acc: 64.76%
2025-10-28 18:11:26,292 - training - INFO - 
epoch 15/50
2025-10-28 18:11:31,931 - training - INFO -   batch 100/313, loss: 1.0427, acc: 60.41%, tf_ratio: 0.86
2025-10-28 18:11:37,457 - training - INFO -   batch 200/313, loss: 1.0737, acc: 61.19%, tf_ratio: 0.86
2025-10-28 18:11:42,855 - training - INFO -   batch 300/313, loss: 1.0531, acc: 59.04%, tf_ratio: 0.86
2025-10-28 18:11:43,887 - training - INFO - train loss: 1.0444, train acc: 60.24%
2025-10-28 18:11:43,887 - training - INFO - val loss: 0.9334, val acc: 65.95%
2025-10-28 18:11:43,895 - training - INFO - saved best model with val loss: 0.9334, val acc: 65.95%
2025-10-28 18:11:43,895 - training - INFO - 
epoch 16/50
2025-10-28 18:11:49,390 - training - INFO -   batch 100/313, loss: 1.0194, acc: 62.62%, tf_ratio: 0.85
2025-10-28 18:11:55,009 - training - INFO -   batch 200/313, loss: 1.0483, acc: 60.11%, tf_ratio: 0.85
2025-10-28 18:12:00,771 - training - INFO -   batch 300/313, loss: 1.0116, acc: 61.32%, tf_ratio: 0.85
2025-10-28 18:12:01,784 - training - INFO - train loss: 1.0209, train acc: 61.26%
2025-10-28 18:12:01,784 - training - INFO - val loss: 0.9193, val acc: 65.44%
2025-10-28 18:12:01,792 - training - INFO - saved best model with val loss: 0.9193, val acc: 65.44%
2025-10-28 18:12:01,792 - training - INFO - 
epoch 17/50
2025-10-28 18:12:07,658 - training - INFO -   batch 100/313, loss: 1.0119, acc: 63.36%, tf_ratio: 0.84
2025-10-28 18:12:13,627 - training - INFO -   batch 200/313, loss: 0.9603, acc: 64.47%, tf_ratio: 0.84
2025-10-28 18:12:19,052 - training - INFO -   batch 300/313, loss: 1.0119, acc: 61.14%, tf_ratio: 0.84
2025-10-28 18:12:20,006 - training - INFO - train loss: 1.0068, train acc: 61.85%
2025-10-28 18:12:20,006 - training - INFO - val loss: 0.9081, val acc: 66.27%
2025-10-28 18:12:20,014 - training - INFO - saved best model with val loss: 0.9081, val acc: 66.27%
2025-10-28 18:12:20,014 - training - INFO - 
epoch 18/50
2025-10-28 18:12:25,955 - training - INFO -   batch 100/313, loss: 0.9890, acc: 62.80%, tf_ratio: 0.83
2025-10-28 18:12:32,024 - training - INFO -   batch 200/313, loss: 1.0359, acc: 60.56%, tf_ratio: 0.83
2025-10-28 18:12:37,820 - training - INFO -   batch 300/313, loss: 1.0307, acc: 60.49%, tf_ratio: 0.83
2025-10-28 18:12:38,961 - training - INFO - train loss: 1.0037, train acc: 62.02%
2025-10-28 18:12:38,962 - training - INFO - val loss: 0.9265, val acc: 64.96%
2025-10-28 18:12:38,962 - training - INFO - 
epoch 19/50
2025-10-28 18:12:45,486 - training - INFO -   batch 100/313, loss: 0.9753, acc: 64.87%, tf_ratio: 0.82
2025-10-28 18:12:51,351 - training - INFO -   batch 200/313, loss: 1.0049, acc: 63.00%, tf_ratio: 0.82
2025-10-28 18:12:57,176 - training - INFO -   batch 300/313, loss: 0.9852, acc: 62.85%, tf_ratio: 0.82
2025-10-28 18:12:58,155 - training - INFO - train loss: 0.9943, train acc: 62.43%
2025-10-28 18:12:58,155 - training - INFO - val loss: 0.9159, val acc: 66.06%
2025-10-28 18:12:58,155 - training - INFO - 
epoch 20/50
2025-10-28 18:13:04,305 - training - INFO -   batch 100/313, loss: 1.0685, acc: 59.85%, tf_ratio: 0.81
2025-10-28 18:13:10,469 - training - INFO -   batch 200/313, loss: 0.9771, acc: 62.38%, tf_ratio: 0.81
2025-10-28 18:13:17,053 - training - INFO -   batch 300/313, loss: 0.9500, acc: 63.96%, tf_ratio: 0.81
2025-10-28 18:13:18,171 - training - INFO - train loss: 0.9888, train acc: 62.72%
2025-10-28 18:13:18,171 - training - INFO - val loss: 0.9137, val acc: 65.84%
2025-10-28 18:13:18,171 - training - INFO - 
epoch 21/50
2025-10-28 18:13:24,221 - training - INFO -   batch 100/313, loss: 0.9665, acc: 64.30%, tf_ratio: 0.80
2025-10-28 18:13:30,254 - training - INFO -   batch 200/313, loss: 0.9321, acc: 64.87%, tf_ratio: 0.80
2025-10-28 18:13:36,537 - training - INFO -   batch 300/313, loss: 0.9770, acc: 61.01%, tf_ratio: 0.80
2025-10-28 18:13:37,522 - training - INFO - train loss: 0.9780, train acc: 63.23%
2025-10-28 18:13:37,522 - training - INFO - val loss: 0.8995, val acc: 65.86%
2025-10-28 18:13:37,530 - training - INFO - saved best model with val loss: 0.8995, val acc: 65.86%
2025-10-28 18:13:37,530 - training - INFO - 
epoch 22/50
2025-10-28 18:13:44,014 - training - INFO -   batch 100/313, loss: 0.9771, acc: 62.59%, tf_ratio: 0.79
2025-10-28 18:13:50,159 - training - INFO -   batch 200/313, loss: 0.9555, acc: 64.35%, tf_ratio: 0.79
2025-10-28 18:13:56,549 - training - INFO -   batch 300/313, loss: 0.9477, acc: 63.84%, tf_ratio: 0.79
2025-10-28 18:13:57,657 - training - INFO - train loss: 0.9765, train acc: 63.21%
2025-10-28 18:13:57,657 - training - INFO - val loss: 0.8940, val acc: 66.65%
2025-10-28 18:13:57,665 - training - INFO - saved best model with val loss: 0.8940, val acc: 66.65%
2025-10-28 18:13:57,665 - training - INFO - 
epoch 23/50
2025-10-28 18:14:04,137 - training - INFO -   batch 100/313, loss: 1.0105, acc: 62.76%, tf_ratio: 0.78
2025-10-28 18:14:11,038 - training - INFO -   batch 200/313, loss: 0.9417, acc: 64.83%, tf_ratio: 0.78
2025-10-28 18:14:18,023 - training - INFO -   batch 300/313, loss: 0.9214, acc: 66.23%, tf_ratio: 0.78
2025-10-28 18:14:19,061 - training - INFO - train loss: 0.9685, train acc: 63.49%
2025-10-28 18:14:19,061 - training - INFO - val loss: 0.8942, val acc: 66.49%
2025-10-28 18:14:19,061 - training - INFO - 
epoch 24/50
2025-10-28 18:14:25,593 - training - INFO -   batch 100/313, loss: 0.9662, acc: 64.95%, tf_ratio: 0.77
2025-10-28 18:14:32,287 - training - INFO -   batch 200/313, loss: 0.9947, acc: 63.74%, tf_ratio: 0.77
2025-10-28 18:14:39,501 - training - INFO -   batch 300/313, loss: 0.9587, acc: 63.84%, tf_ratio: 0.77
2025-10-28 18:14:40,685 - training - INFO - train loss: 0.9578, train acc: 63.76%
2025-10-28 18:14:40,685 - training - INFO - val loss: 0.8869, val acc: 66.59%
2025-10-28 18:14:40,694 - training - INFO - saved best model with val loss: 0.8869, val acc: 66.59%
2025-10-28 18:14:40,694 - training - INFO - 
epoch 25/50
2025-10-28 18:14:47,939 - training - INFO -   batch 100/313, loss: 0.9437, acc: 64.74%, tf_ratio: 0.76
2025-10-28 18:14:54,998 - training - INFO -   batch 200/313, loss: 0.9368, acc: 65.68%, tf_ratio: 0.76
2025-10-28 18:15:01,790 - training - INFO -   batch 300/313, loss: 0.9249, acc: 65.80%, tf_ratio: 0.76
2025-10-28 18:15:02,982 - training - INFO - train loss: 0.9541, train acc: 63.93%
2025-10-28 18:15:02,982 - training - INFO - val loss: 0.8855, val acc: 66.58%
2025-10-28 18:15:02,990 - training - INFO - saved best model with val loss: 0.8855, val acc: 66.58%
2025-10-28 18:15:02,990 - training - INFO - 
epoch 26/50
2025-10-28 18:15:10,280 - training - INFO -   batch 100/313, loss: 0.9360, acc: 65.18%, tf_ratio: 0.75
2025-10-28 18:15:17,101 - training - INFO -   batch 200/313, loss: 0.9707, acc: 63.89%, tf_ratio: 0.75
2025-10-28 18:15:24,337 - training - INFO -   batch 300/313, loss: 0.9411, acc: 63.14%, tf_ratio: 0.75
2025-10-28 18:15:25,455 - training - INFO - train loss: 0.9470, train acc: 64.21%
2025-10-28 18:15:25,455 - training - INFO - val loss: 0.8827, val acc: 66.31%
2025-10-28 18:15:25,463 - training - INFO - saved best model with val loss: 0.8827, val acc: 66.31%
2025-10-28 18:15:25,463 - training - INFO - 
epoch 27/50
2025-10-28 18:15:32,619 - training - INFO -   batch 100/313, loss: 0.9719, acc: 63.57%, tf_ratio: 0.74
2025-10-28 18:15:39,873 - training - INFO -   batch 200/313, loss: 0.9536, acc: 63.89%, tf_ratio: 0.74
2025-10-28 18:15:47,036 - training - INFO -   batch 300/313, loss: 0.9343, acc: 66.98%, tf_ratio: 0.74
2025-10-28 18:15:48,227 - training - INFO - train loss: 0.9446, train acc: 64.31%
2025-10-28 18:15:48,227 - training - INFO - val loss: 0.8920, val acc: 66.34%
2025-10-28 18:15:48,228 - training - INFO - 
epoch 28/50
2025-10-28 18:15:55,532 - training - INFO -   batch 100/313, loss: 0.9544, acc: 62.31%, tf_ratio: 0.73
2025-10-28 18:16:02,871 - training - INFO -   batch 200/313, loss: 0.9797, acc: 64.37%, tf_ratio: 0.73
2025-10-28 18:16:10,035 - training - INFO -   batch 300/313, loss: 0.9617, acc: 64.50%, tf_ratio: 0.73
2025-10-28 18:16:11,228 - training - INFO - train loss: 0.9466, train acc: 64.22%
2025-10-28 18:16:11,228 - training - INFO - val loss: 0.8822, val acc: 66.68%
2025-10-28 18:16:11,236 - training - INFO - saved best model with val loss: 0.8822, val acc: 66.68%
2025-10-28 18:16:11,236 - training - INFO - 
epoch 29/50
2025-10-28 18:16:18,312 - training - INFO -   batch 100/313, loss: 0.9432, acc: 63.76%, tf_ratio: 0.72
2025-10-28 18:16:25,635 - training - INFO -   batch 200/313, loss: 0.9484, acc: 66.23%, tf_ratio: 0.72
2025-10-28 18:16:32,898 - training - INFO -   batch 300/313, loss: 0.9632, acc: 62.48%, tf_ratio: 0.72
2025-10-28 18:16:34,254 - training - INFO - train loss: 0.9326, train acc: 64.68%
2025-10-28 18:16:34,254 - training - INFO - val loss: 0.8868, val acc: 66.51%
2025-10-28 18:16:34,254 - training - INFO - 
epoch 30/50
2025-10-28 18:16:41,913 - training - INFO -   batch 100/313, loss: 0.9203, acc: 65.30%, tf_ratio: 0.71
2025-10-28 18:16:49,497 - training - INFO -   batch 200/313, loss: 0.9146, acc: 65.92%, tf_ratio: 0.71
2025-10-28 18:16:57,048 - training - INFO -   batch 300/313, loss: 0.9129, acc: 65.31%, tf_ratio: 0.71
2025-10-28 18:16:58,298 - training - INFO - train loss: 0.9305, train acc: 64.79%
2025-10-28 18:16:58,298 - training - INFO - val loss: 0.8778, val acc: 66.65%
2025-10-28 18:16:58,306 - training - INFO - saved best model with val loss: 0.8778, val acc: 66.65%
2025-10-28 18:16:58,306 - training - INFO - 
epoch 31/50
2025-10-28 18:17:06,020 - training - INFO -   batch 100/313, loss: 0.9427, acc: 64.45%, tf_ratio: 0.70
2025-10-28 18:17:13,713 - training - INFO -   batch 200/313, loss: 0.9048, acc: 66.17%, tf_ratio: 0.70
2025-10-28 18:17:21,265 - training - INFO -   batch 300/313, loss: 0.8962, acc: 65.18%, tf_ratio: 0.70
2025-10-28 18:17:22,399 - training - INFO - train loss: 0.9282, train acc: 64.85%
2025-10-28 18:17:22,399 - training - INFO - val loss: 0.8789, val acc: 66.00%
2025-10-28 18:17:22,399 - training - INFO - 
epoch 32/50
2025-10-28 18:17:30,254 - training - INFO -   batch 100/313, loss: 0.8939, acc: 64.78%, tf_ratio: 0.69
2025-10-28 18:17:38,120 - training - INFO -   batch 200/313, loss: 0.9060, acc: 65.33%, tf_ratio: 0.69
2025-10-28 18:17:46,762 - training - INFO -   batch 300/313, loss: 0.9239, acc: 65.79%, tf_ratio: 0.69
2025-10-28 18:17:47,957 - training - INFO - train loss: 0.9277, train acc: 64.81%
2025-10-28 18:17:47,957 - training - INFO - val loss: 0.8767, val acc: 66.64%
2025-10-28 18:17:47,965 - training - INFO - saved best model with val loss: 0.8767, val acc: 66.64%
2025-10-28 18:17:47,965 - training - INFO - 
epoch 33/50
2025-10-28 18:17:55,869 - training - INFO -   batch 100/313, loss: 0.9880, acc: 62.84%, tf_ratio: 0.68
2025-10-28 18:18:04,439 - training - INFO -   batch 200/313, loss: 0.8963, acc: 66.23%, tf_ratio: 0.68
2025-10-28 18:18:12,391 - training - INFO -   batch 300/313, loss: 0.9060, acc: 65.06%, tf_ratio: 0.68
2025-10-28 18:18:13,672 - training - INFO - train loss: 0.9250, train acc: 64.97%
2025-10-28 18:18:13,672 - training - INFO - val loss: 0.8825, val acc: 66.06%
2025-10-28 18:18:13,672 - training - INFO - 
epoch 34/50
2025-10-28 18:18:21,810 - training - INFO -   batch 100/313, loss: 0.9533, acc: 64.41%, tf_ratio: 0.67
2025-10-28 18:18:30,118 - training - INFO -   batch 200/313, loss: 0.9304, acc: 66.29%, tf_ratio: 0.67
2025-10-28 18:18:38,302 - training - INFO -   batch 300/313, loss: 0.9257, acc: 63.62%, tf_ratio: 0.67
2025-10-28 18:18:39,675 - training - INFO - train loss: 0.9211, train acc: 65.10%
2025-10-28 18:18:39,675 - training - INFO - val loss: 0.8801, val acc: 66.81%
2025-10-28 18:18:39,675 - training - INFO - 
epoch 35/50
2025-10-28 18:18:47,929 - training - INFO -   batch 100/313, loss: 0.9509, acc: 64.49%, tf_ratio: 0.66
2025-10-28 18:18:56,981 - training - INFO -   batch 200/313, loss: 0.9149, acc: 64.97%, tf_ratio: 0.66
2025-10-28 18:19:05,098 - training - INFO -   batch 300/313, loss: 0.9281, acc: 65.18%, tf_ratio: 0.66
2025-10-28 18:19:06,414 - training - INFO - train loss: 0.9194, train acc: 65.15%
2025-10-28 18:19:06,414 - training - INFO - val loss: 0.8808, val acc: 66.38%
2025-10-28 18:19:06,414 - training - INFO - 
epoch 36/50
2025-10-28 18:19:15,313 - training - INFO -   batch 100/313, loss: 0.8959, acc: 65.98%, tf_ratio: 0.65
2025-10-28 18:19:24,092 - training - INFO -   batch 200/313, loss: 0.9302, acc: 64.63%, tf_ratio: 0.65
2025-10-28 18:19:33,108 - training - INFO -   batch 300/313, loss: 0.9058, acc: 64.62%, tf_ratio: 0.65
2025-10-28 18:19:34,495 - training - INFO - train loss: 0.9177, train acc: 65.22%
2025-10-28 18:19:34,495 - training - INFO - val loss: 0.8749, val acc: 67.01%
2025-10-28 18:19:34,503 - training - INFO - saved best model with val loss: 0.8749, val acc: 67.01%
2025-10-28 18:19:34,503 - training - INFO - 
epoch 37/50
2025-10-28 18:19:43,263 - training - INFO -   batch 100/313, loss: 0.9505, acc: 65.73%, tf_ratio: 0.64
2025-10-28 18:19:52,156 - training - INFO -   batch 200/313, loss: 0.9126, acc: 65.78%, tf_ratio: 0.64
2025-10-28 18:20:01,313 - training - INFO -   batch 300/313, loss: 0.8750, acc: 66.30%, tf_ratio: 0.64
2025-10-28 18:20:02,591 - training - INFO - train loss: 0.9141, train acc: 65.47%
2025-10-28 18:20:02,591 - training - INFO - val loss: 0.8742, val acc: 66.35%
2025-10-28 18:20:02,599 - training - INFO - saved best model with val loss: 0.8742, val acc: 66.35%
2025-10-28 18:20:02,599 - training - INFO - 
epoch 38/50
2025-10-28 18:20:11,711 - training - INFO -   batch 100/313, loss: 0.8984, acc: 66.04%, tf_ratio: 0.63
2025-10-28 18:20:20,807 - training - INFO -   batch 200/313, loss: 0.8971, acc: 65.92%, tf_ratio: 0.63
2025-10-28 18:20:29,614 - training - INFO -   batch 300/313, loss: 0.9444, acc: 63.55%, tf_ratio: 0.63
2025-10-28 18:20:30,946 - training - INFO - train loss: 0.9119, train acc: 65.43%
2025-10-28 18:20:30,946 - training - INFO - val loss: 0.8725, val acc: 66.64%
2025-10-28 18:20:30,954 - training - INFO - saved best model with val loss: 0.8725, val acc: 66.64%
2025-10-28 18:20:30,954 - training - INFO - 
epoch 39/50
2025-10-28 18:20:39,857 - training - INFO -   batch 100/313, loss: 0.9308, acc: 65.39%, tf_ratio: 0.62
2025-10-28 18:20:48,535 - training - INFO -   batch 200/313, loss: 0.9183, acc: 65.36%, tf_ratio: 0.62
2025-10-28 18:20:57,599 - training - INFO -   batch 300/313, loss: 0.9263, acc: 65.67%, tf_ratio: 0.62
2025-10-28 18:20:58,978 - training - INFO - train loss: 0.9115, train acc: 65.49%
2025-10-28 18:20:58,978 - training - INFO - val loss: 0.8729, val acc: 67.07%
2025-10-28 18:20:58,978 - training - INFO - 
epoch 40/50
2025-10-28 18:21:08,275 - training - INFO -   batch 100/313, loss: 0.9474, acc: 65.00%, tf_ratio: 0.61
2025-10-28 18:21:17,212 - training - INFO -   batch 200/313, loss: 0.8982, acc: 66.17%, tf_ratio: 0.61
2025-10-28 18:21:26,585 - training - INFO -   batch 300/313, loss: 0.8874, acc: 66.67%, tf_ratio: 0.61
2025-10-28 18:21:27,994 - training - INFO - train loss: 0.9077, train acc: 65.60%
2025-10-28 18:21:27,994 - training - INFO - val loss: 0.8743, val acc: 66.47%
2025-10-28 18:21:27,994 - training - INFO - 
epoch 41/50
2025-10-28 18:21:37,262 - training - INFO -   batch 100/313, loss: 0.9211, acc: 65.46%, tf_ratio: 0.60
2025-10-28 18:21:46,494 - training - INFO -   batch 200/313, loss: 0.9300, acc: 65.34%, tf_ratio: 0.60
2025-10-28 18:21:55,373 - training - INFO -   batch 300/313, loss: 0.8880, acc: 65.93%, tf_ratio: 0.60
2025-10-28 18:21:56,856 - training - INFO - train loss: 0.9094, train acc: 65.64%
2025-10-28 18:21:56,856 - training - INFO - val loss: 0.8753, val acc: 66.69%
2025-10-28 18:21:56,856 - training - INFO - 
epoch 42/50
2025-10-28 18:22:06,193 - training - INFO -   batch 100/313, loss: 0.9184, acc: 63.26%, tf_ratio: 0.59
2025-10-28 18:22:15,763 - training - INFO -   batch 200/313, loss: 0.9442, acc: 63.50%, tf_ratio: 0.59
2025-10-28 18:22:24,959 - training - INFO -   batch 300/313, loss: 0.9032, acc: 65.37%, tf_ratio: 0.59
2025-10-28 18:22:26,525 - training - INFO - train loss: 0.9083, train acc: 65.55%
2025-10-28 18:22:26,525 - training - INFO - val loss: 0.8711, val acc: 66.82%
2025-10-28 18:22:26,533 - training - INFO - saved best model with val loss: 0.8711, val acc: 66.82%
2025-10-28 18:22:26,534 - training - INFO - 
epoch 43/50
2025-10-28 18:22:36,261 - training - INFO -   batch 100/313, loss: 0.9056, acc: 66.48%, tf_ratio: 0.58
2025-10-28 18:22:45,959 - training - INFO -   batch 200/313, loss: 0.9174, acc: 65.29%, tf_ratio: 0.58
2025-10-28 18:22:55,372 - training - INFO -   batch 300/313, loss: 0.9219, acc: 64.52%, tf_ratio: 0.58
2025-10-28 18:22:56,762 - training - INFO - train loss: 0.9062, train acc: 65.59%
2025-10-28 18:22:56,762 - training - INFO - val loss: 0.8742, val acc: 66.92%
2025-10-28 18:22:56,762 - training - INFO - 
epoch 44/50
2025-10-28 18:23:06,424 - training - INFO -   batch 100/313, loss: 0.9018, acc: 66.42%, tf_ratio: 0.57
2025-10-28 18:23:16,587 - training - INFO -   batch 200/313, loss: 0.9023, acc: 66.60%, tf_ratio: 0.57
2025-10-28 18:23:26,104 - training - INFO -   batch 300/313, loss: 0.8688, acc: 67.59%, tf_ratio: 0.57
2025-10-28 18:23:27,575 - training - INFO - train loss: 0.9067, train acc: 65.58%
2025-10-28 18:23:27,576 - training - INFO - val loss: 0.8728, val acc: 66.71%
2025-10-28 18:23:27,576 - training - INFO - 
epoch 45/50
2025-10-28 18:23:37,192 - training - INFO -   batch 100/313, loss: 0.8780, acc: 66.91%, tf_ratio: 0.56
2025-10-28 18:23:47,118 - training - INFO -   batch 200/313, loss: 0.9167, acc: 66.60%, tf_ratio: 0.56
2025-10-28 18:23:56,782 - training - INFO -   batch 300/313, loss: 0.9080, acc: 66.48%, tf_ratio: 0.56
2025-10-28 18:23:58,466 - training - INFO - train loss: 0.9015, train acc: 65.79%
2025-10-28 18:23:58,466 - training - INFO - val loss: 0.8708, val acc: 66.98%
2025-10-28 18:23:58,474 - training - INFO - saved best model with val loss: 0.8708, val acc: 66.98%
2025-10-28 18:23:58,474 - training - INFO - 
epoch 46/50
2025-10-28 18:24:08,370 - training - INFO -   batch 100/313, loss: 0.8795, acc: 67.36%, tf_ratio: 0.55
2025-10-28 18:24:18,652 - training - INFO -   batch 200/313, loss: 0.8923, acc: 64.54%, tf_ratio: 0.55
2025-10-28 18:24:28,914 - training - INFO -   batch 300/313, loss: 0.8958, acc: 66.17%, tf_ratio: 0.55
2025-10-28 18:24:30,564 - training - INFO - train loss: 0.9027, train acc: 65.72%
2025-10-28 18:24:30,564 - training - INFO - val loss: 0.8684, val acc: 67.09%
2025-10-28 18:24:30,572 - training - INFO - saved best model with val loss: 0.8684, val acc: 67.09%
2025-10-28 18:24:30,572 - training - INFO - 
epoch 47/50
2025-10-28 18:24:40,691 - training - INFO -   batch 100/313, loss: 0.9066, acc: 65.33%, tf_ratio: 0.54
2025-10-28 18:24:51,207 - training - INFO -   batch 200/313, loss: 0.9424, acc: 64.03%, tf_ratio: 0.54
2025-10-28 18:25:01,313 - training - INFO -   batch 300/313, loss: 0.9053, acc: 65.18%, tf_ratio: 0.54
2025-10-28 18:25:02,819 - training - INFO - train loss: 0.9038, train acc: 65.72%
2025-10-28 18:25:02,820 - training - INFO - val loss: 0.8720, val acc: 66.40%
2025-10-28 18:25:02,820 - training - INFO - 
epoch 48/50
2025-10-28 18:25:13,470 - training - INFO -   batch 100/313, loss: 0.9139, acc: 65.61%, tf_ratio: 0.53
2025-10-28 18:25:23,886 - training - INFO -   batch 200/313, loss: 0.8946, acc: 66.17%, tf_ratio: 0.53
2025-10-28 18:25:34,138 - training - INFO -   batch 300/313, loss: 0.9222, acc: 64.18%, tf_ratio: 0.53
2025-10-28 18:25:35,674 - training - INFO - train loss: 0.9036, train acc: 65.75%
2025-10-28 18:25:35,674 - training - INFO - val loss: 0.8725, val acc: 66.80%
2025-10-28 18:25:35,674 - training - INFO - 
epoch 49/50
2025-10-28 18:25:45,970 - training - INFO -   batch 100/313, loss: 0.9004, acc: 66.42%, tf_ratio: 0.52
2025-10-28 18:25:56,179 - training - INFO -   batch 200/313, loss: 0.9437, acc: 65.92%, tf_ratio: 0.52
2025-10-28 18:26:06,559 - training - INFO -   batch 300/313, loss: 0.8860, acc: 67.42%, tf_ratio: 0.52
2025-10-28 18:26:08,280 - training - INFO - train loss: 0.9111, train acc: 65.49%
2025-10-28 18:26:08,280 - training - INFO - val loss: 0.8757, val acc: 66.72%
2025-10-28 18:26:08,280 - training - INFO - 
epoch 50/50
2025-10-28 18:26:18,847 - training - INFO -   batch 100/313, loss: 0.9361, acc: 63.14%, tf_ratio: 0.51
2025-10-28 18:26:29,928 - training - INFO -   batch 200/313, loss: 0.8825, acc: 66.91%, tf_ratio: 0.51
2025-10-28 18:26:40,257 - training - INFO -   batch 300/313, loss: 0.8859, acc: 66.11%, tf_ratio: 0.51
2025-10-28 18:26:41,891 - training - INFO - train loss: 0.9103, train acc: 65.65%
2025-10-28 18:26:41,891 - training - INFO - val loss: 0.8730, val acc: 66.90%
